backgroundtiles\SPGetTiles
backgroundtiles\SPIterateDList
backgroundtiles\SPPallette
backgroundtiles\SPPrintAt
backgroundtiles\SPPrintAtInv
backgroundtiles\SPPrintAtDiff
backgroundtiles\SPPrintString
backgroundtiles\SPPutTiles
backgroundtiles\SPScreenStr
backgroundtiles\SPTileEntry
blockmemoryalloc\SPAddMemory
blockmemoryalloc\SPBlockFit
blockmemoryalloc\SPBlockAlloc
blockmemoryalloc\SPBlockCount
blockmemoryalloc\SPFreeBlock
blockmemoryalloc\SPInitAlloc
cwrapper\sp_AddColSpr
cwrapper\sp_AddMemory
cwrapper\sp_BlockAlloc
cwrapper\sp_BlockCount
cwrapper\sp_BlockFit
cwrapper\sp_Border
cwrapper\sp_CharDown
cwrapper\sp_CharLeft
cwrapper\sp_CharRight
cwrapper\sp_CharUp
cwrapper\sp_ClearRect
cwrapper\sp_CompDirtyAddr
cwrapper\sp_CompDListAddr
cwrapper\sp_ComputePos
cwrapper\sp_CreateSpr
cwrapper\sp_CreateGenericISR
cwrapper\sp_DeleteSpr
cwrapper\sp_EmptyISR
cwrapper\sp_fixcliprect
cwrapper\sp_FreeBlock
cwrapper\sp_GetAttrAddr
cwrapper\sp_GetCharAddr
cwrapper\sp_GetKey
cwrapper\sp_GetScrnAddr
cwrapper\sp_GetTiles
cwrapper\sp_InitAlloc
cwrapper\sp_InitIM2
cwrapper\sp_Initialize
cwrapper\sp_Inkey
cwrapper\sp_inp
cwrapper\sp_InstallISR
cwrapper\sp_IntIntervals
cwrapper\sp_IntLargeRect
cwrapper\sp_IntPtInterval
cwrapper\sp_IntPtLargeRect
cwrapper\sp_IntRect
cwrapper\sp_Invalidate
cwrapper\sp_IterateDList
cwrapper\sp_IterateSprChar
cwrapper\sp_JoyFuller
cwrapper\sp_JoyKempston
cwrapper\sp_JoyKeyboard
cwrapper\sp_JoySinclair1
cwrapper\sp_JoySinclair2
cwrapper\sp_JoyTimexEither
cwrapper\sp_JoyTimexLeft
cwrapper\sp_JoyTimexRight
cwrapper\sp_KeyPressed
cwrapper\sp_ListAdd
cwrapper\sp_ListAppend
cwrapper\sp_ListConcat
cwrapper\sp_ListCount
cwrapper\sp_ListCreate
cwrapper\sp_ListCurr
cwrapper\sp_ListFirst
cwrapper\sp_ListFree
cwrapper\sp_ListInsert
cwrapper\sp_ListLast
cwrapper\sp_ListNext
cwrapper\sp_ListPrepend
cwrapper\sp_ListPrev
cwrapper\sp_ListRemove
cwrapper\sp_ListSearch
cwrapper\sp_ListTrim
cwrapper\sp_LookupKey
cwrapper\sp_MouseAMX
cwrapper\sp_MouseAMXInit
cwrapper\sp_MouseKempston
cwrapper\sp_MouseSim
cwrapper\sp_moveabshelp
cwrapper\sp_MoveSprAbs
cwrapper\sp_MoveSprAbsC
cwrapper\sp_MoveSprAbsNC
cwrapper\sp_MoveSprRel
cwrapper\sp_MoveSprRelC
cwrapper\sp_MoveSprRelNC
cwrapper\sp_outp
cwrapper\sp_Pallette
cwrapper\sp_Pause
cwrapper\sp_PFill
cwrapper\sp_PixelDown
cwrapper\sp_PixelUp
cwrapper\sp_PixelLeft
cwrapper\sp_PixelRight
cwrapper\sp_PrintAt
cwrapper\sp_PrintAtDiff
cwrapper\sp_PrintAtInv
cwrapper\sp_PrintString
cwrapper\sp_PutTiles
cwrapper\sp_pssread
cwrapper\sp_psswrite
cwrapper\sp_Random32
cwrapper\sp_RegisterHookFirst
cwrapper\sp_RegisterHookLast
cwrapper\sp_RegisterHook
cwrapper\sp_RemoveDList
cwrapper\sp_RemoveHook
cwrapper\sp_ScreenStr
cwrapper\sp_SetMousePosAMX
cwrapper\sp_SetMousePosKempston
cwrapper\sp_SetMousePosSim
cwrapper\sp_StackSpace
cwrapper\sp_Swap
cwrapper\sp_SwapEndian
cwrapper\sp_TileArray
cwrapper\sp_UpdateNow
cwrapper\sp_UpdateNowEx
cwrapper\sp_Validate
cwrapper\sp_Wait
cwrapper\sp_WaitForKey
cwrapper\sp_WaitForNoKey
displaylist\SPCompDListAddr
displaylist\SPCompDirtyAddr
globalvariables\SPbit2mask
globalvariables\SPbitleft2mask
globalvariables\SPbitright2mask
globalvariables\SPAYconst
globalvariables\SPClipStruct
globalvariables\SPCClipStruct
globalvariables\SPDirtyChars
globalvariables\SPDisplayList
globalvariables\SPkeytranstbl
globalvariables\SPNullSprPtr
globalvariables\SPCompNullSprPtr
globalvariables\SPqueuetable
globalvariables\SPTileArray
input\SPGetKey
input\SPJoyFuller
input\SPJoyKempston
input\SPJoyKeyboard
input\SPJoySinclair1
input\SPJoySinclair2
input\SPJoyTimexEither
input\SPJoyTimexLeft
input\SPJoyTimexRight
input\SPKeyPressed
input\SPLookupKey
input\SPMouseKempston
input\SPMouseAMX
input\SPMouseAMXInit
input\SPMouseSim
input\SPPause
input\SPSetMousePosAMX
input\SPSetMousePosKempston
input\SPSetMousePosSim
input\SPtbllookup
input\SPtmxsetup
input\SPWait
input\SPWaitForKey
input\SPWaitForNoKey
interrupts\SPCreateGenericISR
interrupts\SPEmptyISR
interrupts\SPInitIM2
interrupts\SPInstallISR
interrupts\SPRegisterHookFirst
interrupts\SPRegisterHookLast
interrupts\SPRemoveHook
linkedlist\SPemptylistadd
linkedlist\SPListAdd
linkedlist\SPListAppend
linkedlist\SPListConcat
linkedlist\SPListCount
linkedlist\SPListCreate
linkedlist\SPListCurr
linkedlist\SPListFirst
linkedlist\SPListFree
linkedlist\SPListInsert
linkedlist\SPListLast
linkedlist\SPListNext
linkedlist\SPListPrepend
linkedlist\SPListPrev
linkedlist\SPListRemove
linkedlist\SPListSearch
linkedlist\SPListTrim
miscellaneous\SPBorder
miscellaneous\SPInitialize
miscellaneous\SPIntIvals
miscellaneous\SPIntLargeRect
miscellaneous\SPIntRect
miscellaneous\SPMultDEA
miscellaneous\SPMultDEAC
miscellaneous\SPMultUnsigned
miscellaneous\SPPFill
miscellaneous\SPPtInIval
miscellaneous\SPPtInLargeRect
miscellaneous\SPRandom32
miscellaneous\SPSwap
screenaddress\SPCharUp
screenaddress\SPCharLeft
screenaddress\SPCharRight
screenaddress\SPCharDown
screenaddress\SPGetAttrAddr
screenaddress\SPGetCharAddr
screenaddress\SPGetScrnAddr
screenaddress\SPPixelUp
screenaddress\SPPixelDown
screenaddress\SPPixelLeft
screenaddress\SPPixelRight
sprites\SPAddColSpr
sprites\SPCreateSpr
sprites\SPDeleteSpr
sprites\SPIterateSprChar
sprites\SPMoveSprAbs
sprites\SPMoveSprRel
sprites\SPRemoveDList
updater\SPClearRect
updater\SPInvalidate
updater\SPUpdateNow
updater\SPValidate
