sp_AddColSpr.c
sp_AddMemory.c
sp_BlockAlloc.c
sp_BlockCount.c
sp_BlockFit.c
sp_Border.c
sp_CharDown.c
sp_CharLeft.c
sp_CharRight.c
sp_CharUp.c
sp_ClearRect.c
sp_CompDirtyAddr.c
sp_CompDListAddr.c
sp_ComputePos.c
sp_CreateSpr.c
sp_CreateGenericISR.c
sp_DeleteSpr.c
sp_EmptyISR.c
sp_FreeBlock.c
sp_GetAttrAddr.c
sp_GetCharAddr.c
sp_GetKey.c
sp_GetScrnAddr.c
sp_GetTiles.c
sp_InitAlloc.c
sp_InitIM2.c
sp_Initialize.c
sp_Inkey.c
sp_inp.c
sp_InstallISR.c
sp_IntIntervals.c
sp_IntLargeRect.c
sp_IntPtInterval.c
sp_IntPtLargeRect.c
sp_IntRect.c
sp_Invalidate.c
sp_IterateDList.c
sp_IterateSprChar.c
sp_JoyFuller.c
sp_JoyKempston.c
sp_JoyKeyboard.c
sp_JoySinclair1.c
sp_JoySinclair2.c
sp_JoyTimexEither.c
sp_JoyTimexLeft.c
sp_JoyTimexRight.c
sp_KeyPressed.c
sp_ListAdd.c
sp_ListAppend.c
sp_ListConcat.c
sp_ListCount.c
sp_ListCreate.c
sp_ListCurr.c
sp_ListFirst.c
sp_ListFree.c
sp_ListInsert.c
sp_ListLast.c
sp_ListNext.c
sp_ListPrepend.c
sp_ListPrev.c
sp_ListRemove.c
sp_ListSearch.c
sp_ListTrim.c
sp_LookupKey.c
sp_MouseAMX.c
sp_MouseAMXInit.c
sp_MouseKempston.c
sp_MouseSim.c
sp_MoveSprAbs.c
sp_MoveSprAbsC.c
sp_MoveSprAbsNC.c
sp_MoveSprRel.c
sp_MoveSprRelC.c
sp_MoveSprRelNC.c
sp_outp.c
sp_Pallette.c
sp_Pause.c
sp_PFill.c
sp_PixelDown.c
sp_PixelUp.c
sp_PixelLeft.c
sp_PixelRight.c
sp_PrintAt.c
sp_PrintAtDiff.c
sp_PrintAtInv.c
sp_PrintString.c
sp_PutTiles.c
sp_Random32.c
sp_RegisterHookFirst.c
sp_RegisterHookLast.c
sp_RegisterHook.c
sp_RemoveDList.c
sp_RemoveHook.c
sp_ScreenStr.c
sp_SetMousePosAMX.c
sp_SetMousePosKempston.c
sp_SetMousePosSim.c
sp_StackSpace.c
sp_Swap.c
sp_SwapEndian.c
sp_TileArray.c
sp_UpdateNow.c
sp_UpdateNowEx.c
sp_Validate.c
sp_Wait.c
sp_WaitForKey.c
sp_WaitForNoKey.c
